-------------------------------------------------------------------------------
Test set: br.edu.utfpr.asspringbootproject.AsSpringbootProjectApplicationTests
-------------------------------------------------------------------------------
Tests run: 1, Failures: 0, Errors: 1, Skipped: 0, Time elapsed: 13.523 s <<< FAILURE! - in br.edu.utfpr.asspringbootproject.AsSpringbootProjectApplicationTests
contextLoads(br.edu.utfpr.asspringbootproject.AsSpringbootProjectApplicationTests)  Time elapsed: 0.003 s  <<< ERROR!
java.lang.IllegalStateException: Failed to load ApplicationContext
Caused by: org.springframework.beans.factory.BeanCreationException: Error creating bean with name 'entityManagerFactory' defined in class path resource [org/springframework/boot/autoconfigure/orm/jpa/HibernateJpaConfiguration.class]: Invocation of init method failed; nested exception is org.hibernate.AnnotationException: No identifier specified for entity: br.edu.utfpr.asspringbootproject.domain.entities.Address
Caused by: org.hibernate.AnnotationException: No identifier specified for entity: br.edu.utfpr.asspringbootproject.domain.entities.Address

